c:\users\jakes\source\repos\flappy\build\game\game.dir\debug\vc143.pdb
c:\users\jakes\source\repos\flappy\build\game\game.dir\debug\gameoverstate.obj
c:\users\jakes\source\repos\flappy\build\game\game.dir\debug\hud.obj
c:\users\jakes\source\repos\flappy\build\game\game.dir\debug\flash.obj
c:\users\jakes\source\repos\flappy\build\game\game.dir\debug\mainmenustate.obj
c:\users\jakes\source\repos\flappy\build\game\game.dir\debug\splashstate.obj
c:\users\jakes\source\repos\flappy\build\game\game.dir\debug\state.obj
c:\users\jakes\source\repos\flappy\build\game\game.dir\debug\gamestate.obj
c:\users\jakes\source\repos\flappy\build\game\game.dir\debug\statemachine.obj
c:\users\jakes\source\repos\flappy\build\game\game.dir\debug\pipe.obj
c:\users\jakes\source\repos\flappy\build\game\game.dir\debug\main.obj
c:\users\jakes\source\repos\flappy\build\game\game.dir\debug\land.obj
c:\users\jakes\source\repos\flappy\build\game\game.dir\debug\inputmanager.obj
c:\users\jakes\source\repos\flappy\build\game\game.dir\debug\game.obj
c:\users\jakes\source\repos\flappy\build\game\game.dir\debug\collision.obj
c:\users\jakes\source\repos\flappy\build\game\game.dir\debug\bird.obj
c:\users\jakes\source\repos\flappy\build\game\game.dir\debug\assetmanager.obj
c:\users\jakes\source\repos\flappy\build\game\cmakefiles\generate.stamp
c:\users\jakes\source\repos\flappy\build\game\game.dir\debug\game.tlog\cl.command.1.tlog
c:\users\jakes\source\repos\flappy\build\game\game.dir\debug\game.tlog\cl.read.1.tlog
c:\users\jakes\source\repos\flappy\build\game\game.dir\debug\game.tlog\cl.write.1.tlog
c:\users\jakes\source\repos\flappy\build\game\game.dir\debug\game.tlog\custombuild.command.1.tlog
c:\users\jakes\source\repos\flappy\build\game\game.dir\debug\game.tlog\custombuild.read.1.tlog
c:\users\jakes\source\repos\flappy\build\game\game.dir\debug\game.tlog\custombuild.write.1.tlog
c:\users\jakes\source\repos\flappy\build\game\game.dir\debug\game.tlog\link.command.1.tlog
c:\users\jakes\source\repos\flappy\build\game\game.dir\debug\game.tlog\link.read.1.tlog
c:\users\jakes\source\repos\flappy\build\game\game.dir\debug\game.tlog\link.write.1.tlog
